2022-12-02T16:00:25.448+05:30  INFO 5080 --- [restartedMain] .p.e.EmployeePayrollSystemAppApplication : Starting EmployeePayrollSystemAppApplication using Java 17.0.2 with PID 5080 (C:\Users\TANUJA\IdeaProjects\EmployeePayrollSystemApp\target\classes started by TANUJA in C:\Users\TANUJA\IdeaProjects\EmployeePayrollSystemApp)
2022-12-02T16:00:25.452+05:30 DEBUG 5080 --- [restartedMain] .p.e.EmployeePayrollSystemAppApplication : Running with Spring Boot v3.0.0, Spring v6.0.2
2022-12-02T16:00:25.454+05:30  INFO 5080 --- [restartedMain] .p.e.EmployeePayrollSystemAppApplication : No active profile set, falling back to 1 default profile: "default"
2022-12-02T16:00:28.379+05:30  WARN 5080 --- [restartedMain] c.zaxxer.hikari.util.DriverDataSource    : Registered driver with driverClassName=com.mysql.jdbc.Driver was not found, trying direct instantiation.
2022-12-02T16:00:30.657+05:30  WARN 5080 --- [restartedMain] JpaBaseConfiguration$JpaWebConfiguration : spring.jpa.open-in-view is enabled by default. Therefore, database queries may be performed during view rendering. Explicitly configure spring.jpa.open-in-view to disable this warning
2022-12-02T16:00:31.180+05:30  INFO 5080 --- [restartedMain] .p.e.EmployeePayrollSystemAppApplication : Started EmployeePayrollSystemAppApplication in 6.543 seconds (process running for 7.741)
2022-12-02T16:00:31.184+05:30  INFO 5080 --- [restartedMain] .p.e.EmployeePayrollSystemAppApplication : Employee payroll start .. using annotation Slf4j
2022-12-02T19:44:18.393+05:30  INFO 4936 --- [restartedMain] .p.e.EmployeePayrollSystemAppApplication : Starting EmployeePayrollSystemAppApplication using Java 17.0.2 with PID 4936 (C:\Users\TANUJA\IdeaProjects\EmployeePayrollSystemApp\target\classes started by TANUJA in C:\Users\TANUJA\IdeaProjects\EmployeePayrollSystemApp)
2022-12-02T19:44:18.398+05:30 DEBUG 4936 --- [restartedMain] .p.e.EmployeePayrollSystemAppApplication : Running with Spring Boot v3.0.0, Spring v6.0.2
2022-12-02T19:44:18.400+05:30  INFO 4936 --- [restartedMain] .p.e.EmployeePayrollSystemAppApplication : No active profile set, falling back to 1 default profile: "default"
2022-12-02T19:44:21.330+05:30  WARN 4936 --- [restartedMain] c.zaxxer.hikari.util.DriverDataSource    : Registered driver with driverClassName=com.mysql.jdbc.Driver was not found, trying direct instantiation.
2022-12-02T19:44:23.460+05:30  WARN 4936 --- [restartedMain] JpaBaseConfiguration$JpaWebConfiguration : spring.jpa.open-in-view is enabled by default. Therefore, database queries may be performed during view rendering. Explicitly configure spring.jpa.open-in-view to disable this warning
2022-12-02T19:44:24.016+05:30  INFO 4936 --- [restartedMain] .p.e.EmployeePayrollSystemAppApplication : Started EmployeePayrollSystemAppApplication in 6.403 seconds (process running for 7.662)
2022-12-02T20:04:44.322+05:30  INFO 3396 --- [restartedMain] .p.e.EmployeePayrollSystemAppApplication : Starting EmployeePayrollSystemAppApplication using Java 17.0.2 with PID 3396 (C:\Users\TANUJA\IdeaProjects\EmployeePayrollSystemApp\target\classes started by TANUJA in C:\Users\TANUJA\IdeaProjects\EmployeePayrollSystemApp)
2022-12-02T20:04:44.327+05:30 DEBUG 3396 --- [restartedMain] .p.e.EmployeePayrollSystemAppApplication : Running with Spring Boot v3.0.0, Spring v6.0.2
2022-12-02T20:04:44.329+05:30  INFO 3396 --- [restartedMain] .p.e.EmployeePayrollSystemAppApplication : The following 1 profile is active: "dev"
2022-12-02T20:04:47.249+05:30  WARN 3396 --- [restartedMain] c.zaxxer.hikari.util.DriverDataSource    : Registered driver with driverClassName=com.mysql.jdbc.Driver was not found, trying direct instantiation.
2022-12-02T20:04:49.349+05:30  WARN 3396 --- [restartedMain] JpaBaseConfiguration$JpaWebConfiguration : spring.jpa.open-in-view is enabled by default. Therefore, database queries may be performed during view rendering. Explicitly configure spring.jpa.open-in-view to disable this warning
2022-12-02T20:04:49.885+05:30  INFO 3396 --- [restartedMain] .p.e.EmployeePayrollSystemAppApplication : Started EmployeePayrollSystemAppApplication in 6.364 seconds (process running for 7.597)
2022-12-02T20:14:41.580+05:30  INFO 10488 --- [restartedMain] .p.e.EmployeePayrollSystemAppApplication : Starting EmployeePayrollSystemAppApplication using Java 17.0.2 with PID 10488 (C:\Users\TANUJA\IdeaProjects\EmployeePayrollSystemApp\target\classes started by TANUJA in C:\Users\TANUJA\IdeaProjects\EmployeePayrollSystemApp)
2022-12-02T20:14:41.585+05:30 DEBUG 10488 --- [restartedMain] .p.e.EmployeePayrollSystemAppApplication : Running with Spring Boot v3.0.0, Spring v6.0.2
2022-12-02T20:14:41.586+05:30  INFO 10488 --- [restartedMain] .p.e.EmployeePayrollSystemAppApplication : The following 1 profile is active: "dev"
2022-12-02T20:14:44.641+05:30  WARN 10488 --- [restartedMain] c.zaxxer.hikari.util.DriverDataSource    : Registered driver with driverClassName=com.mysql.jdbc.Driver was not found, trying direct instantiation.
2022-12-02T20:14:46.768+05:30  WARN 10488 --- [restartedMain] JpaBaseConfiguration$JpaWebConfiguration : spring.jpa.open-in-view is enabled by default. Therefore, database queries may be performed during view rendering. Explicitly configure spring.jpa.open-in-view to disable this warning
2022-12-02T20:14:47.301+05:30  INFO 10488 --- [restartedMain] .p.e.EmployeePayrollSystemAppApplication : Started EmployeePayrollSystemAppApplication in 6.564 seconds (process running for 7.836)
2022-12-02T20:14:47.306+05:30  INFO 10488 --- [restartedMain] .p.e.EmployeePayrollSystemAppApplication : Employee Payroll App started
2022-12-02T20:20:18.493+05:30  INFO 5144 --- [restartedMain] .p.e.EmployeePayrollSystemAppApplication : Starting EmployeePayrollSystemAppApplication using Java 17.0.2 with PID 5144 (C:\Users\TANUJA\IdeaProjects\EmployeePayrollSystemApp\target\classes started by TANUJA in C:\Users\TANUJA\IdeaProjects\EmployeePayrollSystemApp)
2022-12-02T20:20:18.497+05:30 DEBUG 5144 --- [restartedMain] .p.e.EmployeePayrollSystemAppApplication : Running with Spring Boot v3.0.0, Spring v6.0.2
2022-12-02T20:20:18.499+05:30  INFO 5144 --- [restartedMain] .p.e.EmployeePayrollSystemAppApplication : The following 1 profile is active: "dev"
2022-12-02T20:20:21.604+05:30  WARN 5144 --- [restartedMain] c.zaxxer.hikari.util.DriverDataSource    : Registered driver with driverClassName=com.mysql.jdbc.Driver was not found, trying direct instantiation.
2022-12-02T20:20:23.804+05:30  WARN 5144 --- [restartedMain] JpaBaseConfiguration$JpaWebConfiguration : spring.jpa.open-in-view is enabled by default. Therefore, database queries may be performed during view rendering. Explicitly configure spring.jpa.open-in-view to disable this warning
2022-12-02T20:20:24.335+05:30  INFO 5144 --- [restartedMain] .p.e.EmployeePayrollSystemAppApplication : Started EmployeePayrollSystemAppApplication in 6.666 seconds (process running for 7.9)
2022-12-02T20:20:24.339+05:30  INFO 5144 --- [restartedMain] .p.e.EmployeePayrollSystemAppApplication : Employee Payroll App started
